Starting server test...
Server import completed
[replit-cartographer] Failed to load client script: Error: ENOENT: no such file or directory, open '../dist/beacon/index.global.js'
    at async open (node:internal/fs/promises:639:25)
    at async Object.readFile (node:internal/fs/promises:1246:14)
    at async configResolved (file:///home/runner/workspace/node_modules/@replit/vite-plugin-cartographer/dist/index.mjs:30:24)
    at async Promise.all (index 1)
    at async resolveConfig (file:///home/runner/workspace/node_modules/vite/dist/node/chunks/dep-C6uTJdX2.js:66671:3)
    at async _createServer (file:///home/runner/workspace/node_modules/vite/dist/node/chunks/dep-C6uTJdX2.js:62999:18)
    at async setupVite (file:///home/runner/workspace/server/vite.js:28:16)
    at async file:///home/runner/workspace/server/index.js:54:5 {
  errno: -2,
  code: 'ENOENT',
  syscall: 'open',
  path: '../dist/beacon/index.global.js'
}
node:events:502
      throw er; // Unhandled 'error' event
      ^

Error: listen EADDRINUSE: address already in use 0.0.0.0:5000
    at Server.setupListenHandle [as _listen2] (node:net:1908:16)
    at listenInCluster (node:net:1965:12)
    at doListen (node:net:2139:7)
    at process.processTicksAndRejections (node:internal/process/task_queues:83:21)
Emitted 'error' event on Server instance at:
    at emitErrorNT (node:net:1944:8)
    at process.processTicksAndRejections (node:internal/process/task_queues:82:21) {
  code: 'EADDRINUSE',
  errno: -98,
  syscall: 'listen',
  address: '0.0.0.0',
  port: 5000
}

Node.js v20.19.3
